{"/home/gene/frontend-project-lvl2/src/diff.js": {"path":"/home/gene/frontend-project-lvl2/src/diff.js","all":false,"statementMap":{"0":{"start":{"line":1,"column":0},"end":{"line":1,"column":45}},"1":{"start":{"line":2,"column":0},"end":{"line":2,"column":35}},"2":{"start":{"line":3,"column":0},"end":{"line":3,"column":0}},"3":{"start":{"line":4,"column":0},"end":{"line":4,"column":52}},"4":{"start":{"line":5,"column":0},"end":{"line":5,"column":34}},"5":{"start":{"line":6,"column":0},"end":{"line":6,"column":34}},"6":{"start":{"line":7,"column":0},"end":{"line":7,"column":38}},"7":{"start":{"line":8,"column":0},"end":{"line":8,"column":45}},"8":{"start":{"line":9,"column":0},"end":{"line":9,"column":47}},"9":{"start":{"line":10,"column":0},"end":{"line":10,"column":37}},"10":{"start":{"line":11,"column":0},"end":{"line":11,"column":36}},"11":{"start":{"line":12,"column":0},"end":{"line":12,"column":36}},"12":{"start":{"line":13,"column":0},"end":{"line":13,"column":19}},"13":{"start":{"line":14,"column":0},"end":{"line":14,"column":7}},"14":{"start":{"line":15,"column":0},"end":{"line":15,"column":36}},"15":{"start":{"line":16,"column":0},"end":{"line":16,"column":36}},"16":{"start":{"line":17,"column":0},"end":{"line":17,"column":36}},"17":{"start":{"line":18,"column":0},"end":{"line":18,"column":19}},"18":{"start":{"line":19,"column":0},"end":{"line":19,"column":7}},"19":{"start":{"line":20,"column":0},"end":{"line":20,"column":5}},"20":{"start":{"line":21,"column":0},"end":{"line":21,"column":40}},"21":{"start":{"line":22,"column":0},"end":{"line":22,"column":34}},"22":{"start":{"line":23,"column":0},"end":{"line":23,"column":17}},"23":{"start":{"line":24,"column":0},"end":{"line":24,"column":5}},"24":{"start":{"line":25,"column":0},"end":{"line":25,"column":32}},"25":{"start":{"line":26,"column":0},"end":{"line":26,"column":15}},"26":{"start":{"line":27,"column":0},"end":{"line":27,"column":9}},"27":{"start":{"line":28,"column":0},"end":{"line":28,"column":48}},"28":{"start":{"line":29,"column":0},"end":{"line":29,"column":34}},"29":{"start":{"line":30,"column":0},"end":{"line":30,"column":1}}},"s":{"0":1,"1":1,"2":1,"3":1,"4":1,"5":1,"6":1,"7":5,"8":2,"9":0,"10":2,"11":2,"12":2,"13":2,"14":2,"15":5,"16":5,"17":2,"18":2,"19":2,"20":5,"21":1,"22":1,"23":1,"24":1,"25":1,"26":1,"27":1,"28":1,"29":1},"branchMap":{"0":{"type":"branch","line":1,"loc":{"start":{"line":1,"column":0},"end":{"line":27,"column":7}},"locations":[{"start":{"line":1,"column":0},"end":{"line":27,"column":7}}]},"1":{"type":"branch","line":1,"loc":{"start":{"line":1,"column":9},"end":{"line":27,"column":6}},"locations":[{"start":{"line":1,"column":9},"end":{"line":27,"column":6}}]},"2":{"type":"branch","line":7,"loc":{"start":{"line":7,"column":28},"end":{"line":22,"column":22}},"locations":[{"start":{"line":7,"column":28},"end":{"line":22,"column":22}}]},"3":{"type":"branch","line":8,"loc":{"start":{"line":8,"column":25},"end":{"line":8,"column":39}},"locations":[{"start":{"line":8,"column":25},"end":{"line":8,"column":39}}]},"4":{"type":"branch","line":8,"loc":{"start":{"line":8,"column":41},"end":{"line":16,"column":18}},"locations":[{"start":{"line":8,"column":41},"end":{"line":16,"column":18}}]},"5":{"type":"branch","line":9,"loc":{"start":{"line":9,"column":32},"end":{"line":11,"column":12}},"locations":[{"start":{"line":9,"column":32},"end":{"line":11,"column":12}}]},"6":{"type":"branch","line":16,"loc":{"start":{"line":16,"column":18},"end":{"line":17,"column":2}},"locations":[{"start":{"line":16,"column":18},"end":{"line":17,"column":2}}]},"7":{"type":"branch","line":17,"loc":{"start":{"line":17,"column":2},"end":{"line":17,"column":19}},"locations":[{"start":{"line":17,"column":2},"end":{"line":17,"column":19}}]},"8":{"type":"branch","line":17,"loc":{"start":{"line":17,"column":21},"end":{"line":21,"column":10}},"locations":[{"start":{"line":17,"column":21},"end":{"line":21,"column":10}}]},"9":{"type":"branch","line":21,"loc":{"start":{"line":21,"column":10},"end":{"line":22,"column":21}},"locations":[{"start":{"line":21,"column":10},"end":{"line":22,"column":21}}]}},"b":{"0":[1],"1":[1],"2":[5],"3":[4],"4":[2],"5":[0],"6":[3],"7":[2],"8":[2],"9":[1]},"fnMap":{"0":{"name":"diff","decl":{"start":{"line":1,"column":9},"end":{"line":27,"column":6}},"loc":{"start":{"line":1,"column":9},"end":{"line":27,"column":6}},"line":1}},"f":{"0":1}}
,"/home/gene/frontend-project-lvl2/src/getData.js": {"path":"/home/gene/frontend-project-lvl2/src/getData.js","all":false,"statementMap":{"0":{"start":{"line":1,"column":0},"end":{"line":1,"column":20}},"1":{"start":{"line":2,"column":0},"end":{"line":2,"column":24}},"2":{"start":{"line":3,"column":0},"end":{"line":3,"column":30}},"3":{"start":{"line":4,"column":0},"end":{"line":4,"column":0}},"4":{"start":{"line":5,"column":0},"end":{"line":5,"column":43}},"5":{"start":{"line":6,"column":0},"end":{"line":6,"column":56}},"6":{"start":{"line":7,"column":0},"end":{"line":7,"column":40}},"7":{"start":{"line":8,"column":0},"end":{"line":8,"column":38}},"8":{"start":{"line":9,"column":0},"end":{"line":9,"column":20}},"9":{"start":{"line":10,"column":0},"end":{"line":10,"column":1}}},"s":{"0":1,"1":4,"2":4,"3":4,"4":4,"5":4,"6":1,"7":1,"8":1,"9":1},"branchMap":{"0":{"type":"branch","line":1,"loc":{"start":{"line":1,"column":0},"end":{"line":7,"column":14}},"locations":[{"start":{"line":1,"column":0},"end":{"line":7,"column":14}}]},"1":{"type":"branch","line":1,"loc":{"start":{"line":1,"column":4},"end":{"line":7,"column":13}},"locations":[{"start":{"line":1,"column":4},"end":{"line":7,"column":13}}]}},"b":{"0":[1],"1":[4]},"fnMap":{"0":{"name":"getData","decl":{"start":{"line":1,"column":4},"end":{"line":7,"column":13}},"loc":{"start":{"line":1,"column":4},"end":{"line":7,"column":13}},"line":1}},"f":{"0":4}}
}
