TN:
SF:src/diff.js
FN:1,diff
FNF:1
FNH:1
FNDA:1,diff
DA:1,1
DA:2,1
DA:3,1
DA:4,1
DA:5,1
DA:6,1
DA:7,1
DA:8,5
DA:9,2
DA:10,0
DA:11,2
DA:12,2
DA:13,2
DA:14,2
DA:15,2
DA:16,5
DA:17,5
DA:18,2
DA:19,2
DA:20,2
DA:21,5
DA:22,1
DA:23,1
DA:24,1
DA:25,1
DA:26,1
DA:27,1
DA:28,1
DA:29,1
DA:30,1
LF:30
LH:29
BRDA:1,0,0,1
BRDA:1,1,0,1
BRDA:7,2,0,5
BRDA:8,3,0,4
BRDA:8,4,0,2
BRDA:9,5,0,0
BRDA:16,6,0,3
BRDA:17,7,0,2
BRDA:17,8,0,2
BRDA:21,9,0,1
BRF:10
BRH:9
end_of_record
TN:
SF:src/getData.js
FN:1,getData
FNF:1
FNH:1
FNDA:4,getData
DA:1,1
DA:2,4
DA:3,4
DA:4,4
DA:5,4
DA:6,4
DA:7,1
DA:8,1
DA:9,1
DA:10,1
LF:10
LH:10
BRDA:1,0,0,1
BRDA:1,1,0,4
BRF:2
BRH:2
end_of_record
